[E_CARVALHO] 31/10/2018 17:11:21 Hora Início : 31/10/2018 17:11:21
[E_CARVALHO] 31/10/2018 17:11:21 Versão: 1.0.0.7
[E_CARVALHO] 31/10/2018 17:11:21 CFG :  c:\sea630\tools\bin\tools_local.cfg
[E_CARVALHO] 31/10/2018 17:11:21 UserName : E_CARVALHO
[E_CARVALHO] 31/10/2018 17:11:21 DataSource : local
[E_CARVALHO] 31/10/2018 17:11:21 Dir Importacao : C:\Temp
[E_CARVALHO] 31/10/2018 17:11:21 Dir Log : 
[E_CARVALHO] 31/10/2018 17:11:21 Hora Inicio : 31/10/2018 17:11:21
[E_CARVALHO] 31/10/2018 17:11:24 Hora Fim : 31/10/2018 17:11:24
[E_CARVALHO] 31/10/2018 17:11:58 Hora Início : 31/10/2018 17:11:58
[E_CARVALHO] 31/10/2018 17:11:58 Versão: 1.0.0.7
[E_CARVALHO] 31/10/2018 17:11:58 CFG :  c:\sea630\tools\bin\tools_local.cfg
[E_CARVALHO] 31/10/2018 17:11:58 UserName : E_CARVALHO
[E_CARVALHO] 31/10/2018 17:11:58 DataSource : local
[E_CARVALHO] 31/10/2018 17:11:58 Dir Importacao : C:\Temp
[E_CARVALHO] 31/10/2018 17:11:58 Dir Log : 
[E_CARVALHO] 31/10/2018 17:12:10 Hora Inicio : 31/10/2018 17:12:09
[E_CARVALHO] 31/10/2018 17:28:34 Hora Início : 31/10/2018 17:28:34
[E_CARVALHO] 31/10/2018 17:28:34 Versão: 1.0.0.7
[E_CARVALHO] 31/10/2018 17:28:34 CFG :  c:\sea630\tools\bin\tools_local.cfg
[E_CARVALHO] 31/10/2018 17:28:34 UserName : E_CARVALHO
[E_CARVALHO] 31/10/2018 17:28:34 DataSource : local
[E_CARVALHO] 31/10/2018 17:28:34 Dir Importacao : C:\Temp\imp
[E_CARVALHO] 31/10/2018 17:28:34 Dir Log : 
[E_CARVALHO] 31/10/2018 17:29:28 Hora Inicio : 31/10/2018 17:29:28
[E_CARVALHO] 31/10/2018 17:36:19 Iniciando Apply da tabela: TBL_CX_ACCNT_SCR.sif - Inicio: 31/10/2018 17:36:18
[E_CARVALHO] 14/11/2018 15:04:14 Hora Início : 14/11/2018 15:04:14
[E_CARVALHO] 14/11/2018 15:04:14 Versão: 1.0.0.7
[E_CARVALHO] 14/11/2018 15:04:14 CFG :  c:\sea630\tools\bin\tools_local.cfg
[E_CARVALHO] 14/11/2018 15:04:14 UserName : E_CARVALHO
[E_CARVALHO] 14/11/2018 15:04:14 DataSource : local
[E_CARVALHO] 14/11/2018 15:04:14 Dir Importacao : C:\Temp\imp
[E_CARVALHO] 14/11/2018 15:04:14 Dir Log : 
[E_CARVALHO] 14/11/2018 15:04:15 Hora Inicio : 14/11/2018 15:04:15
[E_CARVALHO] 21/5/2019 16:31:44 Hora Início : 21/5/2019 16:21:44
[E_CARVALHO] 21/5/2019 16:31:44 Versão: 1.0.0.7
[E_CARVALHO] 21/5/2019 16:31:45 CFG :  c:\sea630\tools\bin\tools_local.cfg
[E_CARVALHO] 21/5/2019 16:31:45 UserName : E_CARVALHO
[E_CARVALHO] 21/5/2019 16:31:45 DataSource : local
[E_CARVALHO] 21/5/2019 16:31:45 Dir Importacao : C:\Temp\imp
[E_CARVALHO] 21/5/2019 16:31:46 Dir Log : 
[E_CARVALHO] 21/5/2019 16:31:56 Hora Inicio : 21/5/2019 16:31:54
[E_CARVALHO] 21/5/2019 16:32:17 Iniciando Apply da tabela: TBL_CX_ACCNT_SCR.sif - Inicio: 21/5/2019 16:32:15
[E_CARVALHO] 21/5/2019 16:36:03 Hora Início : 21/5/2019 16:36:03
[E_CARVALHO] 21/5/2019 16:36:03 Versão: 1.0.0.7
[E_CARVALHO] 21/5/2019 16:36:03 CFG :  c:\sea630\tools\bin\tools_local.cfg
[E_CARVALHO] 21/5/2019 16:36:03 UserName : E_CARVALHO
[E_CARVALHO] 21/5/2019 16:36:03 DataSource : local
[E_CARVALHO] 21/5/2019 16:36:03 Dir Importacao : C:\Temp\imp
[E_CARVALHO] 21/5/2019 16:36:03 Dir Log : 
[E_CARVALHO] 21/5/2019 16:36:04 Hora Inicio : 21/5/2019 16:36:04
[E_CARVALHO] 21/5/2019 16:36:07 Iniciando Apply da tabela: TBL_CX_ACCNT_SCR.sif - Inicio: 21/5/2019 16:36:07
[E_CARVALHO] 21/5/2019 16:36:40 Hora Início : 21/5/2019 16:36:40
[E_CARVALHO] 21/5/2019 16:36:40 Versão: 1.0.0.7
[E_CARVALHO] 21/5/2019 16:36:40 CFG :  c:\sea630\tools\bin\tools_local.cfg
[E_CARVALHO] 21/5/2019 16:36:40 UserName : E_CARVALHO
[E_CARVALHO] 21/5/2019 16:36:40 DataSource : local
[E_CARVALHO] 21/5/2019 16:36:40 Dir Importacao : C:\Temp\imp
[E_CARVALHO] 21/5/2019 16:36:40 Dir Log : 
[E_CARVALHO] 21/5/2019 16:36:41 Hora Inicio : 21/5/2019 16:36:41
[E_CARVALHO] 21/5/2019 16:36:44 Iniciando Apply da tabela: TBL_CX_ACCNT_SCR.sif - Inicio: 21/5/2019 16:36:44
[RPERES] 21/5/2019 17:00:44 Hora Início : 21/5/2019 17:00:43
[RPERES] 21/5/2019 17:00:44 Versão: 1.0.0.7
[RPERES] 21/5/2019 17:00:44 CFG :  c:\sea630\client\bin\scomm_B10.cfg
[RPERES] 21/5/2019 17:00:44 UserName : RPERES
[RPERES] 21/5/2019 17:00:44 DataSource : local
[RPERES] 21/5/2019 17:00:44 Dir Importacao : C:\Temp\imp
[RPERES] 21/5/2019 17:00:44 Dir Log : 
[RPERES] 21/5/2019 17:00:44 Hora Inicio : 21/5/2019 17:00:44
[RPERES] 21/5/2019 17:00:47 Iniciando Apply da tabela: TBL_CX_CALL_LST_CARGO_SEG_PROD.sif - Inicio: 21/5/2019 17:00:47
[RPERES] 21/5/2019 17:01:26 Hora Início : 21/5/2019 17:01:26
[RPERES] 21/5/2019 17:01:26 Versão: 1.0.0.7
[RPERES] 21/5/2019 17:01:26 CFG :  c:\sea630\client\bin\scomm_B10.cfg
[RPERES] 21/5/2019 17:01:26 UserName : RPERES
[RPERES] 21/5/2019 17:01:26 DataSource : Server
[RPERES] 21/5/2019 17:01:26 Dir Importacao : C:\Temp\imp
[RPERES] 21/5/2019 17:01:26 Dir Log : 
[RPERES] 21/5/2019 17:01:36 Hora Inicio : 21/5/2019 17:01:36
[RPERES] 21/5/2019 17:01:39 Iniciando Apply da tabela: TBL_CX_CALL_LST_CARGO_SEG_PROD.sif - Inicio: 21/5/2019 17:01:39
[RPERES] 21/5/2019 17:02:52 Hora Início : 21/5/2019 17:02:52
[RPERES] 21/5/2019 17:02:52 Versão: 1.0.0.7
[RPERES] 21/5/2019 17:02:52 CFG :  c:\sea630\client\bin\scomm_B10.cfg
[RPERES] 21/5/2019 17:02:52 UserName : RPERES
[RPERES] 21/5/2019 17:02:52 DataSource : Server
[RPERES] 21/5/2019 17:02:52 Dir Importacao : C:\Temp\imp
[RPERES] 21/5/2019 17:02:52 Dir Log : 
[RPERES] 21/5/2019 17:03:03 Hora Inicio : 21/5/2019 17:03:03
[RPERES] 21/5/2019 17:03:06 Iniciando Apply da tabela: TBL_CX_CALL_LST_CARGO_SEG_PROD.sif - Inicio: 21/5/2019 17:03:06
[RPERES] 21/5/2019 17:10:05 Hora Início : 21/5/2019 17:10:05
[RPERES] 21/5/2019 17:10:05 Versão: 1.0.0.7
[RPERES] 21/5/2019 17:10:05 CFG :  c:\sea630\client\bin\scomm_B10.cfg
[RPERES] 21/5/2019 17:10:05 UserName : RPERES
[RPERES] 21/5/2019 17:10:05 DataSource : Server
[RPERES] 21/5/2019 17:10:05 Dir Importacao : C:\Temp\imp
[RPERES] 21/5/2019 17:10:05 Dir Log : 
[RPERES] 21/5/2019 17:10:15 Hora Inicio : 21/5/2019 17:10:15
[RPERES] 21/5/2019 17:10:18 Iniciando Apply da tabela: TBL_CX_FILA_SA_CDI.sif - Inicio: 21/5/2019 17:10:18
[RPERES] 21/5/2019 17:10:28 Apply aplicado com sucesso em: TBL_CX_FILA_SA_CDI.sif - Fim: 21/5/2019 17:10:28
[RPERES] 21/5/2019 17:10:28 Hora Fim : 21/5/2019 17:10:28
[RPERES] 24/5/2019 17:03:15 Hora Início : 24/5/2019 17:03:15
[RPERES] 24/5/2019 17:03:15 Versão: 1.0.0.7
[RPERES] 24/5/2019 17:03:15 CFG :  c:\sea630\client\bin\scomm_B10.cfg
[RPERES] 24/5/2019 17:03:15 UserName : RPERES
[RPERES] 24/5/2019 17:03:15 DataSource : Server
[RPERES] 24/5/2019 17:03:15 Dir Importacao : C:\Temp\imp
[RPERES] 24/5/2019 17:03:15 Dir Log : 
[RPERES] 24/5/2019 17:03:17 Hora Inicio : 24/5/2019 17:03:17
[RPERES] 24/5/2019 17:03:20 Iniciando Apply da tabela: TBL_CX_FILA_SA_CDI.sif - Inicio: 24/5/2019 17:03:20
[E_CARVALHO] 27/5/2019 11:37:07 Hora Início : 27/5/2019 11:37:07
[E_CARVALHO] 27/5/2019 11:37:07 Versão: 1.0.0.7
[E_CARVALHO] 27/5/2019 11:37:07 CFG :  c:\sea630\tools\bin\tools_local.cfg
[E_CARVALHO] 27/5/2019 11:37:07 UserName : E_CARVALHO
[E_CARVALHO] 27/5/2019 11:37:07 DataSource : Server
[E_CARVALHO] 27/5/2019 11:37:07 Dir Importacao : C:\Temp\imp
[E_CARVALHO] 27/5/2019 11:37:07 Dir Log : 
[E_CARVALHO] 27/5/2019 11:37:10 Hora Inicio : 27/5/2019 11:37:10
[E_CARVALHO] 27/5/2019 11:37:13 Iniciando Apply da tabela: TBL_CX_FILA_SA_CDI.sif - Inicio: 27/5/2019 11:37:13
[RPERES] 27/5/2019 11:39:58 Hora Início : 27/5/2019 11:39:58
[RPERES] 27/5/2019 11:39:58 Versão: 1.0.0.7
[RPERES] 27/5/2019 11:39:58 CFG :  c:\sea630\client\bin\scomm_B10.cfg
[RPERES] 27/5/2019 11:39:58 UserName : RPERES
[RPERES] 27/5/2019 11:39:58 DataSource : Server
[RPERES] 27/5/2019 11:39:58 Dir Importacao : C:\Temp\imp
[RPERES] 27/5/2019 11:39:58 Dir Log : 
[RPERES] 27/5/2019 11:40:00 Hora Inicio : 27/5/2019 11:40:00
[RPERES] 27/5/2019 11:40:03 Iniciando Apply da tabela: TBL_CX_FILA_SA_CDI.sif - Inicio: 27/5/2019 11:40:03
[RPERES] 27/5/2019 11:41:19 Hora Início : 27/5/2019 11:41:19
[RPERES] 27/5/2019 11:41:19 Versão: 1.0.0.7
[RPERES] 27/5/2019 11:41:19 CFG :  c:\sea630\tools\bin\tools_B10.cfg
[RPERES] 27/5/2019 11:41:19 UserName : RPERES
[RPERES] 27/5/2019 11:41:19 DataSource : Server
[RPERES] 27/5/2019 11:41:19 Dir Importacao : C:\Temp\imp
[RPERES] 27/5/2019 11:41:19 Dir Log : 
[RPERES] 27/5/2019 11:41:21 Hora Inicio : 27/5/2019 11:41:21
[RPERES] 27/5/2019 11:41:24 Iniciando Apply da tabela: TBL_CX_FILA_SA_CDI.sif - Inicio: 27/5/2019 11:41:24
[RPERES] 27/5/2019 11:42:02 Hora Início : 27/5/2019 11:41:49
[RPERES] 27/5/2019 11:42:02 Versão: 1.0.0.7
[RPERES] 27/5/2019 11:42:03 CFG :  c:\sea630\tools\bin\tools_B10.cfg
[RPERES] 27/5/2019 11:42:03 UserName : RPERES
[RPERES] 27/5/2019 11:42:03 DataSource : Server
[RPERES] 27/5/2019 11:42:03 Dir Importacao : C:\Temp\imp
[RPERES] 27/5/2019 11:42:04 Dir Log : 
[RPERES] 27/5/2019 11:53:35 Hora Início : 27/5/2019 11:52:56
[RPERES] 27/5/2019 11:53:35 Versão: 1.0.0.7
[RPERES] 27/5/2019 11:53:35 CFG :  c:\sea630\tools\bin\tools_B10.cfg
[RPERES] 27/5/2019 11:53:35 UserName : RPERES
[RPERES] 27/5/2019 11:53:35 DataSource : B10
[RPERES] 27/5/2019 11:53:35 Dir Importacao : C:\Temp\imp
[RPERES] 27/5/2019 11:53:35 Dir Log : 
[RPERES] 27/5/2019 11:53:36 Hora Inicio : 27/5/2019 11:53:36
[RPERES] 27/5/2019 11:53:39 Iniciando Apply da tabela: TBL_CX_FILA_SA_CDI.sif - Inicio: 27/5/2019 11:53:39
[RPERES] 27/5/2019 11:54:12 Hora Início : 27/5/2019 11:54:12
[RPERES] 27/5/2019 11:54:12 Versão: 1.0.0.7
[RPERES] 27/5/2019 11:54:12 CFG :  c:\sea630\tools\bin\tools_B10.cfg
[RPERES] 27/5/2019 11:54:12 UserName : RPERES
[RPERES] 27/5/2019 11:54:12 DataSource : Server
[RPERES] 27/5/2019 11:54:12 Dir Importacao : C:\Temp\imp
[RPERES] 27/5/2019 11:54:12 Dir Log : 
[RPERES] 27/5/2019 11:54:13 Hora Inicio : 27/5/2019 11:54:13
[RPERES] 27/5/2019 11:54:16 Iniciando Apply da tabela: TBL_CX_FILA_SA_CDI.sif - Inicio: 27/5/2019 11:54:16
[RPERES] 27/5/2019 11:56:21 Hora Início : 27/5/2019 11:56:21
[RPERES] 27/5/2019 11:56:21 Versão: 1.0.0.7
[RPERES] 27/5/2019 11:56:21 CFG :  c:\sea630\tools\bin\tools_B10.cfg
[RPERES] 27/5/2019 11:56:21 UserName : RPERES
[RPERES] 27/5/2019 11:56:21 DataSource : Server
[RPERES] 27/5/2019 11:56:21 Dir Importacao : C:\Temp\imp
[RPERES] 27/5/2019 11:56:21 Dir Log : 
[RPERES] 27/5/2019 11:56:23 Hora Inicio : 27/5/2019 11:56:23
[RPERES] 27/5/2019 11:56:26 Iniciando Apply da tabela: TBL_CX_FILA_SA_CDI.sif - Inicio: 27/5/2019 11:56:26
[E_CARVALHO] 27/5/2019 11:57:24 Hora Início : 27/5/2019 11:57:24
[E_CARVALHO] 27/5/2019 11:57:24 Versão: 1.0.0.7
[E_CARVALHO] 27/5/2019 11:57:24 CFG :  c:\sea630\tools\bin\tools_local.cfg
[E_CARVALHO] 27/5/2019 11:57:24 UserName : E_CARVALHO
[E_CARVALHO] 27/5/2019 11:57:24 DataSource : Server
[E_CARVALHO] 27/5/2019 11:57:24 Dir Importacao : C:\Temp\imp
[E_CARVALHO] 27/5/2019 11:57:24 Dir Log : 
[E_CARVALHO] 27/5/2019 11:57:25 Hora Inicio : 27/5/2019 11:57:25
[E_CARVALHO] 27/5/2019 11:57:28 Iniciando Apply da tabela: TBL_CX_FILA_SA_CDI.sif - Inicio: 27/5/2019 11:57:28
[E_CARVALHO] 27/5/2019 11:58:04 Hora Início : 27/5/2019 11:58:04
[E_CARVALHO] 27/5/2019 11:58:04 Versão: 1.0.0.7
[E_CARVALHO] 27/5/2019 11:58:04 CFG :  c:\sea630\tools\bin\tools_local.cfg
[E_CARVALHO] 27/5/2019 11:58:04 UserName : E_CARVALHO
[E_CARVALHO] 27/5/2019 11:58:04 DataSource : Server
[E_CARVALHO] 27/5/2019 11:58:04 Dir Importacao : C:\Temp\imp
[E_CARVALHO] 27/5/2019 11:58:04 Dir Log : 
[E_CARVALHO] 27/5/2019 11:58:05 Hora Inicio : 27/5/2019 11:58:05
[E_CARVALHO] 27/5/2019 11:58:08 Iniciando Apply da tabela: TBL_CX_FILA_SA_CDI.sif - Inicio: 27/5/2019 11:58:08
[E_CARVALHO] 27/5/2019 11:59:32 Hora Início : 27/5/2019 11:59:32
[E_CARVALHO] 27/5/2019 11:59:32 Versão: 1.0.0.7
[E_CARVALHO] 27/5/2019 11:59:32 CFG :  c:\sea630\tools\bin\tools_local.cfg
[E_CARVALHO] 27/5/2019 11:59:32 UserName : E_CARVALHO
[E_CARVALHO] 27/5/2019 11:59:32 DataSource : Server
[E_CARVALHO] 27/5/2019 11:59:32 Dir Importacao : C:\Temp\imp
[E_CARVALHO] 27/5/2019 11:59:32 Dir Log : 
[E_CARVALHO] 27/5/2019 11:59:33 Hora Inicio : 27/5/2019 11:59:33
[E_CARVALHO] 27/5/2019 11:59:36 Iniciando Apply da tabela: TBL_CX_FILA_SA_CDI.sif - Inicio: 27/5/2019 11:59:36
[E_CARVALHO] 27/5/2019 12:20:45 Hora Início : 27/5/2019 12:20:21
[E_CARVALHO] 27/5/2019 12:20:45 Versão: 1.0.0.7
[E_CARVALHO] 27/5/2019 12:20:46 CFG :  c:\sea630\tools\bin\tools_local.cfg
[E_CARVALHO] 27/5/2019 12:20:46 UserName : E_CARVALHO
[E_CARVALHO] 27/5/2019 12:20:46 DataSource : Server
[E_CARVALHO] 27/5/2019 12:20:47 Dir Importacao : C:\Temp\imp
[E_CARVALHO] 27/5/2019 12:20:47 Dir Log : 
[E_CARVALHO] 27/5/2019 12:21:19 Hora Início : 27/5/2019 12:21:19
[E_CARVALHO] 27/5/2019 12:21:19 Versão: 1.0.0.7
[E_CARVALHO] 27/5/2019 12:21:19 CFG :  c:\sea630\tools\bin\tools_local.cfg
[E_CARVALHO] 27/5/2019 12:21:19 UserName : E_CARVALHO
[E_CARVALHO] 27/5/2019 12:21:19 DataSource : Server
[E_CARVALHO] 27/5/2019 12:21:19 Dir Importacao : C:\Temp\imp
[E_CARVALHO] 27/5/2019 12:21:19 Dir Log : 
[E_CARVALHO] 27/5/2019 12:21:20 Hora Inicio : 27/5/2019 12:21:20
[E_CARVALHO] 27/5/2019 12:21:23 Iniciando Apply da tabela: TBL_CX_FILA_SA_CDI.sif - Inicio: 27/5/2019 12:21:23
[E_CARVALHO] 27/5/2019 12:21:31 Hora Fim : 27/5/2019 12:21:31
[E_CARVALHO] 27/5/2019 12:21:42 Hora Início : 27/5/2019 12:21:42
[E_CARVALHO] 27/5/2019 12:21:42 Versão: 1.0.0.7
[E_CARVALHO] 27/5/2019 12:21:42 CFG :  c:\sea630\tools\bin\tools_local.cfg
[E_CARVALHO] 27/5/2019 12:21:42 UserName : E_CARVALHO
[E_CARVALHO] 27/5/2019 12:21:42 DataSource : Server
[E_CARVALHO] 27/5/2019 12:21:42 Dir Importacao : C:\Temp\imp
[E_CARVALHO] 27/5/2019 12:21:42 Dir Log : 
[E_CARVALHO] 27/5/2019 12:21:43 Hora Inicio : 27/5/2019 12:21:43
[E_CARVALHO] 27/5/2019 12:21:46 Iniciando Apply da tabela: TBL_CX_FILA_SA_CDI.sif - Inicio: 27/5/2019 12:21:46
[E_CARVALHO] 27/5/2019 12:21:54 Hora Fim : 27/5/2019 12:21:54
